<?xml version="1.0" encoding="utf-8"?>
<TestRun id="fa0aef64-f6cb-4442-8cdc-437429c10b6b" name="@9afc7880e0ea 2024-08-27 09:18:14" xmlns="http://microsoft.com/schemas/VisualStudio/TeamTest/2010">
  <Times creation="2024-08-27T09:18:14.6679630+00:00" queuing="2024-08-27T09:18:14.6679630+00:00" start="2024-08-27T09:18:08.7393253+00:00" finish="2024-08-27T09:18:23.6864485+00:00" />
  <TestSettings name="default" id="2cf74a37-1d9b-4ce7-b2d3-9b10f2f5d94f">
    <Deployment runDeploymentRoot="_9afc7880e0ea_2024-08-27_09_18_14" />
  </TestSettings>
  <Results>
    <UnitTestResult executionId="dc298279-03cb-4e4f-81a8-633734db6ad4" testId="6ccddc90-b0cf-f2ea-20f8-aed07d36bd88" testName="ReplaceResponse" computerName="9afc7880e0ea" duration="00:00:03.1024460" startTime="2024-08-27T09:18:17.5453407+00:00" endTime="2024-08-27T09:18:20.6477867+00:00" testType="13cdc9d9-ddb5-4fa4-a97d-d965ccfc6d4b" outcome="Failed" testListId="8c84fa94-04c1-424b-9868-57a2d4851a1d" relativeResultsDirectory="dc298279-03cb-4e4f-81a8-633734db6ad4">
      <Output>
        <ErrorInfo>
          <Message>Microsoft.Playwright.PlaywrightException : Executable doesn't exist at /root/.cache/ms-playwright/chromium-1129/chrome-linux/chrome
╔════════════════════════════════════════════════════════════╗
║ Looks like Playwright was just installed or updated.       ║
║ Please run the following command to download new browsers: ║
║                                                            ║
║     pwsh bin/Debug/netX/playwright.ps1 install             ║
║                                                            ║
║ &lt;3 Playwright Team                                         ║
╚════════════════════════════════════════════════════════════╝</Message>
          <StackTrace>   at Microsoft.Playwright.Transport.Connection.InnerSendMessageToServerAsync[T](ChannelOwner object, String method, Dictionary`2 dictionary, Boolean keepNulls) in /_/src/Playwright/Transport/Connection.cs:line 206
   at Microsoft.Playwright.Transport.Connection.WrapApiCallAsync[T](Func`1 action, Boolean isInternal) in /_/src/Playwright/Transport/Connection.cs:line 532
   at Microsoft.Playwright.Core.BrowserType.LaunchAsync(BrowserTypeLaunchOptions options) in /_/src/Playwright/Core/BrowserType.cs:line 56
   at HomeWork.UITestFixture.Setup() in /app/UITestFixture.cs:line 15
   at NUnit.Framework.Internal.TaskAwaitAdapter.GenericAdapter`1.BlockUntilCompleted()
   at NUnit.Framework.Internal.MessagePumpStrategy.NoMessagePumpStrategy.WaitForCompletion(AwaitAdapter awaiter)
   at NUnit.Framework.Internal.AsyncToSyncAdapter.Await(Func`1 invoke)
   at NUnit.Framework.Internal.Commands.SetUpTearDownItem.RunSetUpOrTearDownMethod(TestExecutionContext context, IMethodInfo method)
   at NUnit.Framework.Internal.Commands.SetUpTearDownItem.RunSetUp(TestExecutionContext context)
   at NUnit.Framework.Internal.Commands.SetUpTearDownCommand.&lt;&gt;c__DisplayClass0_0.&lt;.ctor&gt;b__0(TestExecutionContext context)
   at NUnit.Framework.Internal.Commands.BeforeAndAfterTestCommand.&lt;&gt;c__DisplayClass1_0.&lt;Execute&gt;b__0()
   at NUnit.Framework.Internal.Commands.DelegatingTestCommand.RunTestMethodInThreadAbortSafeZone(TestExecutionContext context, Action action)
</StackTrace>
        </ErrorInfo>
      </Output>
    </UnitTestResult>
    <UnitTestResult executionId="47b3415c-0b88-4fb1-961c-b63f7e238c9b" testId="687c4b4e-984b-9f62-9335-8649193cde47" testName="RemoveAfterLastFruitList" computerName="9afc7880e0ea" duration="00:00:02.9335330" startTime="2024-08-27T09:18:14.6116801+00:00" endTime="2024-08-27T09:18:17.5452132+00:00" testType="13cdc9d9-ddb5-4fa4-a97d-d965ccfc6d4b" outcome="Failed" testListId="8c84fa94-04c1-424b-9868-57a2d4851a1d" relativeResultsDirectory="47b3415c-0b88-4fb1-961c-b63f7e238c9b">
      <Output>
        <ErrorInfo>
          <Message>Microsoft.Playwright.PlaywrightException : Executable doesn't exist at /root/.cache/ms-playwright/chromium-1129/chrome-linux/chrome
╔════════════════════════════════════════════════════════════╗
║ Looks like Playwright was just installed or updated.       ║
║ Please run the following command to download new browsers: ║
║                                                            ║
║     pwsh bin/Debug/netX/playwright.ps1 install             ║
║                                                            ║
║ &lt;3 Playwright Team                                         ║
╚════════════════════════════════════════════════════════════╝</Message>
          <StackTrace>   at Microsoft.Playwright.Transport.Connection.InnerSendMessageToServerAsync[T](ChannelOwner object, String method, Dictionary`2 dictionary, Boolean keepNulls) in /_/src/Playwright/Transport/Connection.cs:line 206
   at Microsoft.Playwright.Transport.Connection.WrapApiCallAsync[T](Func`1 action, Boolean isInternal) in /_/src/Playwright/Transport/Connection.cs:line 532
   at Microsoft.Playwright.Core.BrowserType.LaunchAsync(BrowserTypeLaunchOptions options) in /_/src/Playwright/Core/BrowserType.cs:line 56
   at HomeWork.UITestFixture.Setup() in /app/UITestFixture.cs:line 15
   at NUnit.Framework.Internal.TaskAwaitAdapter.GenericAdapter`1.BlockUntilCompleted()
   at NUnit.Framework.Internal.MessagePumpStrategy.NoMessagePumpStrategy.WaitForCompletion(AwaitAdapter awaiter)
   at NUnit.Framework.Internal.AsyncToSyncAdapter.Await(Func`1 invoke)
   at NUnit.Framework.Internal.Commands.SetUpTearDownItem.RunSetUpOrTearDownMethod(TestExecutionContext context, IMethodInfo method)
   at NUnit.Framework.Internal.Commands.SetUpTearDownItem.RunSetUp(TestExecutionContext context)
   at NUnit.Framework.Internal.Commands.SetUpTearDownCommand.&lt;&gt;c__DisplayClass0_0.&lt;.ctor&gt;b__0(TestExecutionContext context)
   at NUnit.Framework.Internal.Commands.BeforeAndAfterTestCommand.&lt;&gt;c__DisplayClass1_0.&lt;Execute&gt;b__0()
   at NUnit.Framework.Internal.Commands.DelegatingTestCommand.RunTestMethodInThreadAbortSafeZone(TestExecutionContext context, Action action)
</StackTrace>
        </ErrorInfo>
      </Output>
    </UnitTestResult>
    <UnitTestResult executionId="43c96f57-f8dd-452b-8975-78fa0110a00d" testId="474085c5-4fc1-db25-5c73-3a5056b9180e" testName="CheckoutWorkflow" computerName="9afc7880e0ea" duration="00:00:02.9513960" startTime="2024-08-27T09:18:20.6557169+00:00" endTime="2024-08-27T09:18:23.6071128+00:00" testType="13cdc9d9-ddb5-4fa4-a97d-d965ccfc6d4b" outcome="Failed" testListId="8c84fa94-04c1-424b-9868-57a2d4851a1d" relativeResultsDirectory="43c96f57-f8dd-452b-8975-78fa0110a00d">
      <Output>
        <ErrorInfo>
          <Message>Microsoft.Playwright.PlaywrightException : Executable doesn't exist at /root/.cache/ms-playwright/chromium-1129/chrome-linux/chrome
╔════════════════════════════════════════════════════════════╗
║ Looks like Playwright was just installed or updated.       ║
║ Please run the following command to download new browsers: ║
║                                                            ║
║     pwsh bin/Debug/netX/playwright.ps1 install             ║
║                                                            ║
║ &lt;3 Playwright Team                                         ║
╚════════════════════════════════════════════════════════════╝</Message>
          <StackTrace>   at Microsoft.Playwright.Transport.Connection.InnerSendMessageToServerAsync[T](ChannelOwner object, String method, Dictionary`2 dictionary, Boolean keepNulls) in /_/src/Playwright/Transport/Connection.cs:line 206
   at Microsoft.Playwright.Transport.Connection.WrapApiCallAsync[T](Func`1 action, Boolean isInternal) in /_/src/Playwright/Transport/Connection.cs:line 532
   at Microsoft.Playwright.Core.BrowserType.LaunchAsync(BrowserTypeLaunchOptions options) in /_/src/Playwright/Core/BrowserType.cs:line 56
   at HomeWork.UITestFixture.Setup() in /app/UITestFixture.cs:line 15
   at NUnit.Framework.Internal.TaskAwaitAdapter.GenericAdapter`1.BlockUntilCompleted()
   at NUnit.Framework.Internal.MessagePumpStrategy.NoMessagePumpStrategy.WaitForCompletion(AwaitAdapter awaiter)
   at NUnit.Framework.Internal.AsyncToSyncAdapter.Await(Func`1 invoke)
   at NUnit.Framework.Internal.Commands.SetUpTearDownItem.RunSetUpOrTearDownMethod(TestExecutionContext context, IMethodInfo method)
   at NUnit.Framework.Internal.Commands.SetUpTearDownItem.RunSetUp(TestExecutionContext context)
   at NUnit.Framework.Internal.Commands.SetUpTearDownCommand.&lt;&gt;c__DisplayClass0_0.&lt;.ctor&gt;b__0(TestExecutionContext context)
   at NUnit.Framework.Internal.Commands.BeforeAndAfterTestCommand.&lt;&gt;c__DisplayClass1_0.&lt;Execute&gt;b__0()
   at NUnit.Framework.Internal.Commands.DelegatingTestCommand.RunTestMethodInThreadAbortSafeZone(TestExecutionContext context, Action action)
</StackTrace>
        </ErrorInfo>
      </Output>
    </UnitTestResult>
    <UnitTestResult executionId="b64dd467-1c02-40cf-9c4b-0ec8d75b1dc5" testId="a98dcae3-405f-f5d1-60bb-96c2281e0315" testName="RemoveAfterLastFruit" computerName="9afc7880e0ea" duration="00:00:04.8382569" startTime="2024-08-27T09:18:09.7717181+00:00" endTime="2024-08-27T09:18:14.6098894+00:00" testType="13cdc9d9-ddb5-4fa4-a97d-d965ccfc6d4b" outcome="Failed" testListId="8c84fa94-04c1-424b-9868-57a2d4851a1d" relativeResultsDirectory="b64dd467-1c02-40cf-9c4b-0ec8d75b1dc5">
      <Output>
        <ErrorInfo>
          <Message>Microsoft.Playwright.PlaywrightException : Executable doesn't exist at /root/.cache/ms-playwright/chromium-1129/chrome-linux/chrome
╔════════════════════════════════════════════════════════════╗
║ Looks like Playwright was just installed or updated.       ║
║ Please run the following command to download new browsers: ║
║                                                            ║
║     pwsh bin/Debug/netX/playwright.ps1 install             ║
║                                                            ║
║ &lt;3 Playwright Team                                         ║
╚════════════════════════════════════════════════════════════╝</Message>
          <StackTrace>   at Microsoft.Playwright.Transport.Connection.InnerSendMessageToServerAsync[T](ChannelOwner object, String method, Dictionary`2 dictionary, Boolean keepNulls) in /_/src/Playwright/Transport/Connection.cs:line 206
   at Microsoft.Playwright.Transport.Connection.WrapApiCallAsync[T](Func`1 action, Boolean isInternal) in /_/src/Playwright/Transport/Connection.cs:line 532
   at Microsoft.Playwright.Core.BrowserType.LaunchAsync(BrowserTypeLaunchOptions options) in /_/src/Playwright/Core/BrowserType.cs:line 56
   at HomeWork.UITestFixture.Setup() in /app/UITestFixture.cs:line 15
   at NUnit.Framework.Internal.TaskAwaitAdapter.GenericAdapter`1.BlockUntilCompleted()
   at NUnit.Framework.Internal.MessagePumpStrategy.NoMessagePumpStrategy.WaitForCompletion(AwaitAdapter awaiter)
   at NUnit.Framework.Internal.AsyncToSyncAdapter.Await(Func`1 invoke)
   at NUnit.Framework.Internal.Commands.SetUpTearDownItem.RunSetUpOrTearDownMethod(TestExecutionContext context, IMethodInfo method)
   at NUnit.Framework.Internal.Commands.SetUpTearDownItem.RunSetUp(TestExecutionContext context)
   at NUnit.Framework.Internal.Commands.SetUpTearDownCommand.&lt;&gt;c__DisplayClass0_0.&lt;.ctor&gt;b__0(TestExecutionContext context)
   at NUnit.Framework.Internal.Commands.BeforeAndAfterTestCommand.&lt;&gt;c__DisplayClass1_0.&lt;Execute&gt;b__0()
   at NUnit.Framework.Internal.Commands.DelegatingTestCommand.RunTestMethodInThreadAbortSafeZone(TestExecutionContext context, Action action)
</StackTrace>
        </ErrorInfo>
      </Output>
    </UnitTestResult>
  </Results>
  <TestDefinitions>
    <UnitTest name="CheckoutWorkflow" storage="/app/bin/debug/net8.0/homework.dll" id="474085c5-4fc1-db25-5c73-3a5056b9180e">
      <Execution id="43c96f57-f8dd-452b-8975-78fa0110a00d" />
      <TestMethod codeBase="/app/bin/Debug/net8.0/HomeWork.dll" adapterTypeName="executor://nunit3testexecutor/" className="HomeWork.HW24_Evershop" name="CheckoutWorkflow" />
    </UnitTest>
    <UnitTest name="ReplaceResponse" storage="/app/bin/debug/net8.0/homework.dll" id="6ccddc90-b0cf-f2ea-20f8-aed07d36bd88">
      <Execution id="dc298279-03cb-4e4f-81a8-633734db6ad4" />
      <TestMethod codeBase="/app/bin/Debug/net8.0/HomeWork.dll" adapterTypeName="executor://nunit3testexecutor/" className="HomeWork.HW25_APIResponse" name="ReplaceResponse" />
    </UnitTest>
    <UnitTest name="RemoveAfterLastFruit" storage="/app/bin/debug/net8.0/homework.dll" id="a98dcae3-405f-f5d1-60bb-96c2281e0315">
      <Execution id="b64dd467-1c02-40cf-9c4b-0ec8d75b1dc5" />
      <TestMethod codeBase="/app/bin/Debug/net8.0/HomeWork.dll" adapterTypeName="executor://nunit3testexecutor/" className="HomeWork.HW25_APIResponse" name="RemoveAfterLastFruit" />
    </UnitTest>
    <UnitTest name="RemoveAfterLastFruitList" storage="/app/bin/debug/net8.0/homework.dll" id="687c4b4e-984b-9f62-9335-8649193cde47">
      <Execution id="47b3415c-0b88-4fb1-961c-b63f7e238c9b" />
      <TestMethod codeBase="/app/bin/Debug/net8.0/HomeWork.dll" adapterTypeName="executor://nunit3testexecutor/" className="HomeWork.HW25_APIResponse" name="RemoveAfterLastFruitList" />
    </UnitTest>
  </TestDefinitions>
  <TestEntries>
    <TestEntry testId="6ccddc90-b0cf-f2ea-20f8-aed07d36bd88" executionId="dc298279-03cb-4e4f-81a8-633734db6ad4" testListId="8c84fa94-04c1-424b-9868-57a2d4851a1d" />
    <TestEntry testId="687c4b4e-984b-9f62-9335-8649193cde47" executionId="47b3415c-0b88-4fb1-961c-b63f7e238c9b" testListId="8c84fa94-04c1-424b-9868-57a2d4851a1d" />
    <TestEntry testId="474085c5-4fc1-db25-5c73-3a5056b9180e" executionId="43c96f57-f8dd-452b-8975-78fa0110a00d" testListId="8c84fa94-04c1-424b-9868-57a2d4851a1d" />
    <TestEntry testId="a98dcae3-405f-f5d1-60bb-96c2281e0315" executionId="b64dd467-1c02-40cf-9c4b-0ec8d75b1dc5" testListId="8c84fa94-04c1-424b-9868-57a2d4851a1d" />
  </TestEntries>
  <TestLists>
    <TestList name="Results Not in a List" id="8c84fa94-04c1-424b-9868-57a2d4851a1d" />
    <TestList name="All Loaded Results" id="19431567-8539-422a-85d7-44ee4e166bda" />
  </TestLists>
  <ResultSummary outcome="Failed">
    <Counters total="4" executed="4" passed="0" failed="4" error="0" timeout="0" aborted="0" inconclusive="0" passedButRunAborted="0" notRunnable="0" notExecuted="0" disconnected="0" warning="0" completed="0" inProgress="0" pending="0" />
    <Output>
      <StdOut>NUnit Adapter 4.5.0.0: Test execution started
Running all tests in /app/bin/Debug/net8.0/HomeWork.dll
   NUnit3TestExecutor discovered 4 of 4 NUnit test cases using Current Discovery mode, Non-Explicit run
NUnit Adapter 4.5.0.0: Test execution complete
</StdOut>
    </Output>
  </ResultSummary>
</TestRun>