<?xml version="1.0" encoding="utf-8"?>
<TestRun id="72bd077f-0fe1-45f0-ac91-134935f55eea" name="@e7b60f08f482 2024-08-27 09:30:52" xmlns="http://microsoft.com/schemas/VisualStudio/TeamTest/2010">
  <Times creation="2024-08-27T09:30:52.7500305+00:00" queuing="2024-08-27T09:30:52.7500307+00:00" start="2024-08-27T09:30:44.9113323+00:00" finish="2024-08-27T09:31:08.7323158+00:00" />
  <TestSettings name="default" id="82ad34d2-590d-47ee-ac91-5d22c8605d6d">
    <Deployment runDeploymentRoot="_e7b60f08f482_2024-08-27_09_30_52" />
  </TestSettings>
  <Results>
    <UnitTestResult executionId="7a174d19-081f-44f5-a85e-c515894bd132" testId="a98dcae3-405f-f5d1-60bb-96c2281e0315" testName="RemoveAfterLastFruit" computerName="e7b60f08f482" duration="00:00:06.7973180" startTime="2024-08-27T09:30:45.9069495+00:00" endTime="2024-08-27T09:30:52.7041722+00:00" testType="13cdc9d9-ddb5-4fa4-a97d-d965ccfc6d4b" outcome="Passed" testListId="8c84fa94-04c1-424b-9868-57a2d4851a1d" relativeResultsDirectory="7a174d19-081f-44f5-a85e-c515894bd132" />
    <UnitTestResult executionId="f6045dcc-7268-47a6-a4df-7c642b3f5483" testId="687c4b4e-984b-9f62-9335-8649193cde47" testName="RemoveAfterLastFruitList" computerName="e7b60f08f482" duration="00:00:03.0374110" startTime="2024-08-27T09:30:52.7060989+00:00" endTime="2024-08-27T09:30:55.7435095+00:00" testType="13cdc9d9-ddb5-4fa4-a97d-d965ccfc6d4b" outcome="Passed" testListId="8c84fa94-04c1-424b-9868-57a2d4851a1d" relativeResultsDirectory="f6045dcc-7268-47a6-a4df-7c642b3f5483" />
    <UnitTestResult executionId="09ad3d14-6c3d-4991-9ab4-73e541bd73c4" testId="474085c5-4fc1-db25-5c73-3a5056b9180e" testName="CheckoutWorkflow" computerName="e7b60f08f482" duration="00:00:09.7108440" startTime="2024-08-27T09:30:58.9504701+00:00" endTime="2024-08-27T09:31:08.6613141+00:00" testType="13cdc9d9-ddb5-4fa4-a97d-d965ccfc6d4b" outcome="Passed" testListId="8c84fa94-04c1-424b-9868-57a2d4851a1d" relativeResultsDirectory="09ad3d14-6c3d-4991-9ab4-73e541bd73c4" />
    <UnitTestResult executionId="52dad831-3a38-4dcc-b35e-aa734bdb8f38" testId="6ccddc90-b0cf-f2ea-20f8-aed07d36bd88" testName="ReplaceResponse" computerName="e7b60f08f482" duration="00:00:03.2020680" startTime="2024-08-27T09:30:55.7435705+00:00" endTime="2024-08-27T09:30:58.9445155+00:00" testType="13cdc9d9-ddb5-4fa4-a97d-d965ccfc6d4b" outcome="Passed" testListId="8c84fa94-04c1-424b-9868-57a2d4851a1d" relativeResultsDirectory="52dad831-3a38-4dcc-b35e-aa734bdb8f38" />
  </Results>
  <TestDefinitions>
    <UnitTest name="CheckoutWorkflow" storage="/app/bin/debug/net8.0/homework.dll" id="474085c5-4fc1-db25-5c73-3a5056b9180e">
      <Execution id="09ad3d14-6c3d-4991-9ab4-73e541bd73c4" />
      <TestMethod codeBase="/app/bin/Debug/net8.0/HomeWork.dll" adapterTypeName="executor://nunit3testexecutor/" className="HomeWork.HW24_Evershop" name="CheckoutWorkflow" />
    </UnitTest>
    <UnitTest name="ReplaceResponse" storage="/app/bin/debug/net8.0/homework.dll" id="6ccddc90-b0cf-f2ea-20f8-aed07d36bd88">
      <Execution id="52dad831-3a38-4dcc-b35e-aa734bdb8f38" />
      <TestMethod codeBase="/app/bin/Debug/net8.0/HomeWork.dll" adapterTypeName="executor://nunit3testexecutor/" className="HomeWork.HW25_APIResponse" name="ReplaceResponse" />
    </UnitTest>
    <UnitTest name="RemoveAfterLastFruit" storage="/app/bin/debug/net8.0/homework.dll" id="a98dcae3-405f-f5d1-60bb-96c2281e0315">
      <Execution id="7a174d19-081f-44f5-a85e-c515894bd132" />
      <TestMethod codeBase="/app/bin/Debug/net8.0/HomeWork.dll" adapterTypeName="executor://nunit3testexecutor/" className="HomeWork.HW25_APIResponse" name="RemoveAfterLastFruit" />
    </UnitTest>
    <UnitTest name="RemoveAfterLastFruitList" storage="/app/bin/debug/net8.0/homework.dll" id="687c4b4e-984b-9f62-9335-8649193cde47">
      <Execution id="f6045dcc-7268-47a6-a4df-7c642b3f5483" />
      <TestMethod codeBase="/app/bin/Debug/net8.0/HomeWork.dll" adapterTypeName="executor://nunit3testexecutor/" className="HomeWork.HW25_APIResponse" name="RemoveAfterLastFruitList" />
    </UnitTest>
  </TestDefinitions>
  <TestEntries>
    <TestEntry testId="a98dcae3-405f-f5d1-60bb-96c2281e0315" executionId="7a174d19-081f-44f5-a85e-c515894bd132" testListId="8c84fa94-04c1-424b-9868-57a2d4851a1d" />
    <TestEntry testId="687c4b4e-984b-9f62-9335-8649193cde47" executionId="f6045dcc-7268-47a6-a4df-7c642b3f5483" testListId="8c84fa94-04c1-424b-9868-57a2d4851a1d" />
    <TestEntry testId="474085c5-4fc1-db25-5c73-3a5056b9180e" executionId="09ad3d14-6c3d-4991-9ab4-73e541bd73c4" testListId="8c84fa94-04c1-424b-9868-57a2d4851a1d" />
    <TestEntry testId="6ccddc90-b0cf-f2ea-20f8-aed07d36bd88" executionId="52dad831-3a38-4dcc-b35e-aa734bdb8f38" testListId="8c84fa94-04c1-424b-9868-57a2d4851a1d" />
  </TestEntries>
  <TestLists>
    <TestList name="Results Not in a List" id="8c84fa94-04c1-424b-9868-57a2d4851a1d" />
    <TestList name="All Loaded Results" id="19431567-8539-422a-85d7-44ee4e166bda" />
  </TestLists>
  <ResultSummary outcome="Completed">
    <Counters total="4" executed="4" passed="4" failed="0" error="0" timeout="0" aborted="0" inconclusive="0" passedButRunAborted="0" notRunnable="0" notExecuted="0" disconnected="0" warning="0" completed="0" inProgress="0" pending="0" />
    <Output>
      <StdOut>NUnit Adapter 4.5.0.0: Test execution started
Running all tests in /app/bin/Debug/net8.0/HomeWork.dll
   NUnit3TestExecutor discovered 4 of 4 NUnit test cases using Current Discovery mode, Non-Explicit run
NUnit Adapter 4.5.0.0: Test execution complete
</StdOut>
    </Output>
  </ResultSummary>
</TestRun>